
FAILURE: Build failed with an exception.

* Where:
Build file '/mnt/batch/tasks/workitems/NONDEX_nondex_r131_1M31d16h48m2s/job-1/Task1135/wd/NonDex-plugin-test/github.com/waikeungt/hdfs-spring-boot-starter/build.gradle' line: 10

* What went wrong:
A problem occurred evaluating root project 'hdfs-spring-boot-starter'.
> Could not read script '/mnt/batch/tasks/workitems/NONDEX_nondex_r131_1M31d16h48m2s/job-1/Task1135/wd/NonDex-plugin-test/github.com/waikeungt/hdfs-spring-boot-starter/sonatype.gradle' as it does not exist.

* Try:
> Run with --stacktrace option to get the stack trace.
> Run with --info or --debug option to get more log output.
> Run with --scan to get full insights.

* Get more help at https://help.gradle.org

BUILD FAILED in 21s
