
FAILURE: Build failed with an exception.

* What went wrong:
A problem occurred configuring project ':jc101-1c'.
> Invalid JavaCard SDK path : /mnt/batch/tasks/workitems/NONDEX_nondex_r131_1M31d16h48m2s/job-1/Task1174/wd/NonDex-plugin-test/github.com/bertrandmartel/javacard-tutorial/oracle_javacard_sdks/jc221_kit

* Try:
Run with --stacktrace option to get the stack trace. Run with --info or --debug option to get more log output. Run with --scan to get full insights.

* Get more help at https://help.gradle.org

BUILD FAILED in 5s
