
FAILURE: Build failed with an exception.

* Where:
Build file '/mnt/batch/tasks/workitems/NONDEX_nondex_r131_1M31d16h48m2s/job-1/Task1224/wd/NonDex-plugin-test/github.com/rundis/gradle-buster-plugin/build.gradle' line: 81

* What went wrong:
A problem occurred evaluating root project 'gradle-buster-plugin'.
> Could not get unknown property 'classesDir' for integration test classes of type org.gradle.api.internal.tasks.DefaultSourceSetOutput.

* Try:
Run with --stacktrace option to get the stack trace. Run with --info or --debug option to get more log output. Run with --scan to get full insights.

* Get more help at https://help.gradle.org

BUILD FAILED in 13s
