
FAILURE: Build failed with an exception.

* Where:
Build file '/mnt/batch/tasks/workitems/NONDEX_nondex_r131_1M31d16h48m2s/job-1/Task1193/wd/NonDex-plugin-test/github.com/stigkj/gradle-executable-jar-plugin/build.gradle' line: 120

* What went wrong:
A problem occurred evaluating root project 'gradle-executable-jar-plugin'.
> Could not set unknown property 'uniqueVersion' for object of type org.gradle.api.publication.maven.internal.deployer.DefaultGroovyMavenDeployer.

* Try:
Run with --stacktrace option to get the stack trace. Run with --info or --debug option to get more log output. Run with --scan to get full insights.

* Get more help at https://help.gradle.org

BUILD FAILED in 8s
