
FAILURE: Build failed with an exception.

* Where:
Build file '/mnt/batch/tasks/workitems/NONDEX_nondex_r131_1M31d16h48m2s/job-1/Task1045/wd/NonDex-plugin-test/github.com/DxxxxY/1.8.9ForgeTemplate/build.gradle' line: 16

* What went wrong:
A problem occurred evaluating root project '1.8.9ForgeTemplate'.
> 'org.gradle.api.tasks.TaskOutputs org.gradle.api.internal.TaskOutputsInternal.dir(java.lang.Object)'

* Try:
Run with --stacktrace option to get the stack trace. Run with --info or --debug option to get more log output. Run with --scan to get full insights.

* Get more help at https://help.gradle.org

BUILD FAILED in 14s
