
FAILURE: Build failed with an exception.

* Where:
Build file '/mnt/batch/tasks/workitems/NONDEX_nondex_r131_1M31d16h48m2s/job-1/Task846/wd/NonDex-plugin-test/github.com/jbaruch/Gradle-M2Metadata-Plugin/build.gradle' line: 13

* What went wrong:
A problem occurred evaluating root project 'Gradle-M2Metadata-Plugin'.
> Could not get unknown property 'excludeDirs' for task ':ideaModule' of type org.gradle.plugins.ide.idea.GenerateIdeaModule.

* Try:
Run with --stacktrace option to get the stack trace. Run with --info or --debug option to get more log output. Run with --scan to get full insights.

* Get more help at https://help.gradle.org

BUILD FAILED in 3s
