
FAILURE: Build failed with an exception.

* Where:
Build file '/mnt/batch/tasks/workitems/NONDEX_nondex_r131_1M31d16h48m2s/job-1/Task339/wd/NonDex-plugin-test/github.com/curious-attempt-bunny/gradle-grokker/build.gradle' line: 21

* What went wrong:
Could not compile build file '/mnt/batch/tasks/workitems/NONDEX_nondex_r131_1M31d16h48m2s/job-1/Task339/wd/NonDex-plugin-test/github.com/curious-attempt-bunny/gradle-grokker/build.gradle'.
> startup failed:
  build file '/mnt/batch/tasks/workitems/NONDEX_nondex_r131_1M31d16h48m2s/job-1/Task339/wd/NonDex-plugin-test/github.com/curious-attempt-bunny/gradle-grokker/build.gradle': 21: unable to resolve class java.nio.file.StandardWatchEventKind
   @ line 21, column 1.
     import static java.nio.file.StandardWatchEventKind.*
     ^
  
  build file '/mnt/batch/tasks/workitems/NONDEX_nondex_r131_1M31d16h48m2s/job-1/Task339/wd/NonDex-plugin-test/github.com/curious-attempt-bunny/gradle-grokker/build.gradle': 21: unable to resolve class java.nio.file.StandardWatchEventKind
   @ line 21, column 1.
     import static java.nio.file.StandardWatchEventKind.*
     ^
  
  2 errors


* Try:
Run with --stacktrace option to get the stack trace. Run with --info or --debug option to get more log output. Run with --scan to get full insights.

* Get more help at https://help.gradle.org

BUILD FAILED in 6s
