[Fatal Error] lazybones-gradle-1.0.4.pom:7:3: The element type "hr" must be terminated by the matching end-tag "</hr>".
[Fatal Error] lazybones-gradle-1.0.4.pom:7:3: The element type "hr" must be terminated by the matching end-tag "</hr>".
[Fatal Error] lazybones-gradle-1.0.4.pom:7:3: The element type "hr" must be terminated by the matching end-tag "</hr>".

FAILURE: Build failed with an exception.

* What went wrong:
A problem occurred configuring root project 'lazybones-jbake-template'.
> Could not resolve all artifacts for configuration ':classpath'.
   > Could not resolve uk.co.cacoethes:lazybones-gradle:1.0.4.
     Required by:
         project :
      > Could not resolve uk.co.cacoethes:lazybones-gradle:1.0.4.
         > Could not parse POM http://dl.bintray.com/pledbrook/plugins/uk/co/cacoethes/lazybones-gradle/1.0.4/lazybones-gradle-1.0.4.pom
            > The element type "hr" must be terminated by the matching end-tag "</hr>".

* Try:
Run with --stacktrace option to get the stack trace. Run with --info or --debug option to get more log output. Run with --scan to get full insights.

* Get more help at https://help.gradle.org

BUILD FAILED in 5s
