
FAILURE: Build failed with an exception.

* Where:
Build file '/mnt/batch/tasks/workitems/NONDEX_nondex_r131_1M31d16h48m2s/job-1/Task885/wd/NonDex-plugin-test/github.com/chriswk/gradlemovies/build.gradle' line: 29

* What went wrong:
Could not compile build file '/mnt/batch/tasks/workitems/NONDEX_nondex_r131_1M31d16h48m2s/job-1/Task885/wd/NonDex-plugin-test/github.com/chriswk/gradlemovies/build.gradle'.
> startup failed:
  build file '/mnt/batch/tasks/workitems/NONDEX_nondex_r131_1M31d16h48m2s/job-1/Task885/wd/NonDex-plugin-test/github.com/chriswk/gradlemovies/build.gradle': 29: unexpected token: } @ line 29, column 1.
     }
     ^
  
  1 error


* Try:
Run with --stacktrace option to get the stack trace. Run with --info or --debug option to get more log output. Run with --scan to get full insights.

* Get more help at https://help.gradle.org

BUILD FAILED in 6s
