
FAILURE: Build failed with an exception.

* Where:
Build file '/mnt/batch/tasks/workitems/NONDEX_nondex_r131_1M31d16h48m2s/job-1/Task193/wd/NonDex-plugin-test/github.com/jerryharim/FxComponents/build.gradle' line: 9

* What went wrong:
A problem occurred evaluating root project 'sales_management'.
> Could not find method plugins() for arguments [build_3iijdkq38xgczn4z9vrqzz62u$_run_closure2$_closure3@5a8a67c1] on project ':components' of type org.gradle.api.Project.

* Try:
Run with --stacktrace option to get the stack trace. Run with --info or --debug option to get more log output. Run with --scan to get full insights.

* Get more help at https://help.gradle.org

BUILD FAILED in 10s
