
FAILURE: Build failed with an exception.

* Where:
Build file '/mnt/batch/tasks/workitems/NONDEX_nondex_r131_1M31d16h48m2s/job-1/Task882/wd/NonDex-plugin-test/github.com/coders-kitchen/tut-releaseNotesFromTags/build.gradle' line: 42

* What went wrong:
A problem occurred evaluating root project 'tut-releaseNotesFromTags'.
> Could not find method leftShift() for arguments [build_aqt0x57gszdysauodeu2me2n5$_run_closure1@462b0945] on task ':releaseNotes' of type org.gradle.api.DefaultTask.

* Try:
Run with --stacktrace option to get the stack trace. Run with --info or --debug option to get more log output. Run with --scan to get full insights.

* Get more help at https://help.gradle.org

BUILD FAILED in 8s
