
FAILURE: Build failed with an exception.

* Where:
Build file '/mnt/batch/tasks/workitems/NONDEX_nondex_r131_1M31d16h48m2s/job-1/Task1029/wd/NonDex-plugin-test/github.com/CoconutMacaroon/CocomacZoomMod/build.gradle' line: 24

* What went wrong:
A problem occurred evaluating root project 'CocomacZoomMod'.
> Failed to apply plugin [id 'forge']
   > Could not create task ':reobf'.
      > Could not create task of type 'ReobfTask'.
         > 'org.gradle.api.tasks.TaskInputs org.gradle.api.tasks.TaskInputs.files(java.lang.Object[])'

* Try:
Run with --stacktrace option to get the stack trace. Run with --info or --debug option to get more log output. Run with --scan to get full insights.

* Get more help at https://help.gradle.org

BUILD FAILED in 14s
