
FAILURE: Build failed with an exception.

* Where:
Build file '/mnt/batch/tasks/workitems/NONDEX_nondex_r131_1M31d16h48m2s/job-1/Task925/wd/NonDex-plugin-test/github.com/bertramdev/coffee-asset-pipeline/build.gradle' line: 73

* What went wrong:
A problem occurred evaluating root project 'coffee-asset-pipeline'.
> Could not get unknown property 'sourcesJar' for object of type org.gradle.api.publish.maven.internal.publication.DefaultMavenPublication.

* Try:
Run with --stacktrace option to get the stack trace. Run with --info or --debug option to get more log output. Run with --scan to get full insights.

* Get more help at https://help.gradle.org

BUILD FAILED in 4s
