
FAILURE: Build failed with an exception.

* What went wrong:
Execution failed for task ':tasks'.
> Could not create task ':app:minifyReleaseWithR8'.
   > SDK location not found. Define location with an ANDROID_SDK_ROOT environment variable or by setting the sdk.dir path in your project's local properties file at '/mnt/batch/tasks/workitems/NONDEX_nondex_r131_1M31d16h48m2s/job-1/Task580/wd/NonDex-plugin-test/github.com/Muzamilabdallah/Multi_module_Architecture/local.properties'.

* Try:
Run with --stacktrace option to get the stack trace. Run with --info or --debug option to get more log output. Run with --scan to get full insights.

* Get more help at https://help.gradle.org

BUILD FAILED in 2m 15s
