
FAILURE: Build failed with an exception.

* Where:
Build file '/mnt/batch/tasks/workitems/NONDEX_nondex_r131_1M31d16h48m2s/job-1/Task819/wd/NonDex-plugin-test/github.com/hqweay/MyBatisGenerator-Tool/build.gradle' line: 10

* What went wrong:
A problem occurred evaluating root project 'skill'.
> Could not find method leftShift() for arguments [build_2vzaaz08y7b20m2xwv0ey7h5b$_run_closure2@6f6d6a37] on task ':mybatisGenerate' of type org.gradle.api.DefaultTask.

* Try:
Run with --stacktrace option to get the stack trace. Run with --info or --debug option to get more log output. Run with --scan to get full insights.

* Get more help at https://help.gradle.org

BUILD FAILED in 2s
