
FAILURE: Build failed with an exception.

* Where:
Build file '/mnt/batch/tasks/workitems/NONDEX_nondex_r131_1M31d16h48m2s/job-1/Task315/wd/NonDex-plugin-test/github.com/baxeno/maven-noci-publisher/build.gradle' line: 32

* What went wrong:
A problem occurred evaluating root project 'maven-noci-publisher'.
> Could not get unknown property 'publishRepo' for object of type org.jfrog.gradle.plugin.artifactory.dsl.DoubleDelegateWrapper.

* Try:
Run with --stacktrace option to get the stack trace. Run with --info or --debug option to get more log output. Run with --scan to get full insights.

* Get more help at https://help.gradle.org

BUILD FAILED in 11s
