
FAILURE: Build failed with an exception.

* Where:
Build file '/mnt/batch/tasks/workitems/NONDEX_nondex_r131_1M31d16h48m2s/job-1/Task1402/wd/NonDex-plugin-test/github.com/sixman9/firstGradle/build.gradle' line: 42

* What went wrong:
A problem occurred evaluating root project 'firstGradle'.
> Could not find method groovy() for arguments [{group=org.codehaus.groovy, name=groovy, version=1.7.10}] on object of type org.gradle.api.internal.artifacts.dsl.dependencies.DefaultDependencyHandler.

* Try:
Run with --stacktrace option to get the stack trace. Run with --info or --debug option to get more log output. Run with --scan to get full insights.

* Get more help at https://help.gradle.org

BUILD FAILED in 7s
