
FAILURE: Build failed with an exception.

* Where:
Build file '/mnt/batch/tasks/workitems/NONDEX_nondex_r131_1M31d16h48m2s/job-1/Task1295/wd/NonDex-plugin-test/github.com/MikeFot/Java--Steam-Loader/library/build.gradle' line: 47

* What went wrong:
A problem occurred evaluating project ':library'.
> Could not get unknown property 'sourcesJar' for object of type org.gradle.api.publish.maven.internal.publication.DefaultMavenPublication.

* Try:
Run with --stacktrace option to get the stack trace. Run with --info or --debug option to get more log output. Run with --scan to get full insights.

* Get more help at https://help.gradle.org

BUILD FAILED in 12s
