
FAILURE: Build failed with an exception.

* Where:
Build file '/mnt/batch/tasks/workitems/NONDEX_nondex_r131_1M31d16h48m2s/job-1/Task1185/wd/NonDex-plugin-test/github.com/bgorven/Hello/build.gradle' line: 76

* What went wrong:
A problem occurred configuring root project 'Hello'.
> Exception thrown while executing model rule: native(JNILibrarySpec) { ... } @ build.gradle line 67, column 9 > all()
   > /usr/lib/jvm/include

* Try:
Run with --stacktrace option to get the stack trace. Run with --info or --debug option to get more log output. Run with --scan to get full insights.

* Get more help at https://help.gradle.org

BUILD FAILED in 4s
