
FAILURE: Build failed with an exception.

* Where:
Build file '/mnt/batch/tasks/workitems/NONDEX_nondex_r131_1M31d16h48m2s/job-1/Task835/wd/NonDex-plugin-test/github.com/luhuancheng/gradle_best_practices/build.gradle' line: 8

* What went wrong:
A problem occurred evaluating root project 'demo'.
> Could not get unknown property 'HhhtPublic' for object of type org.gradle.api.internal.artifacts.repositories.DefaultMavenArtifactRepository.

* Try:
Run with --stacktrace option to get the stack trace. Run with --info or --debug option to get more log output. Run with --scan to get full insights.

* Get more help at https://help.gradle.org

BUILD FAILED in 0s
