startup failed:
/mnt/batch/tasks/workitems/NONDEX_nondex_r131_1M31d16h48m2s/job-1/Task1129/wd/NonDex-plugin-test/github.com/melix/gradle-compile-avoidance-current-model/plugin/src/main/groovy/me/champeau/gradle/ca/CompileAvoidance.groovy: 112: [Static type checking] - Cannot find matching method org.gradle.api.artifacts.Configuration#attributes(java.util.LinkedHashMap <java.lang.String, java.lang.String>). Please check if the declared type is correct and if the method exists.
 @ line 112, column 13.
               runtimePlatformConfiguration.attributes(type: 'runtime', platform: platform)
               ^

/mnt/batch/tasks/workitems/NONDEX_nondex_r131_1M31d16h48m2s/job-1/Task1129/wd/NonDex-plugin-test/github.com/melix/gradle-compile-avoidance-current-model/plugin/src/main/groovy/me/champeau/gradle/ca/CompileAvoidance.groovy: 119: [Static type checking] - Cannot find matching method org.gradle.api.artifacts.Configuration#attributes(java.util.LinkedHashMap <java.lang.String, java.lang.String>). Please check if the declared type is correct and if the method exists.
 @ line 119, column 13.
               compilePlatformConfiguration.attributes(type: 'api', platform: platform)
               ^

2 errors


FAILURE: Build failed with an exception.

* What went wrong:
Execution failed for task ':compile-avoidance-plugin:compileGroovy'.
> Compilation failed; see the compiler error output for details.

* Try:
Run with --stacktrace option to get the stack trace. Run with --info or --debug option to get more log output. Run with --scan to get full insights.

* Get more help at https://help.gradle.org

BUILD FAILED in 17s
