
FAILURE: Build failed with an exception.

* Where:
Build file '/mnt/batch/tasks/workitems/NONDEX_nondex_r131_1M31d16h48m2s/job-1/Task238/wd/NonDex-plugin-test/github.com/ashok-kallara/springboot-http2/build.gradle' line: 57

* What went wrong:
A problem occurred evaluating root project 'springboot-http2'.
> Could not find method leftShift() for arguments [build_2h54buddho1miips3pldurint$_run_closure5@104d926d] on task ':projectVersion' of type org.gradle.api.DefaultTask.

* Try:
Run with --stacktrace option to get the stack trace. Run with --info or --debug option to get more log output. Run with --scan to get full insights.

* Get more help at https://help.gradle.org

BUILD FAILED in 4s
