
FAILURE: Build failed with an exception.

* Where:
Build file '/mnt/batch/tasks/workitems/NONDEX_nondex_r131_1M31d16h48m2s/job-1/Task114/wd/NonDex-plugin-test/github.com/MansurAshraf/gradle-scalastyle-plugin/build.gradle' line: 113

* What went wrong:
A problem occurred evaluating root project 'gradle-scalastyle-plugin_2.10'.
> Cannot add task 'wrapper' as a task with that name already exists.

* Try:
Run with --stacktrace option to get the stack trace. Run with --info or --debug option to get more log output. Run with --scan to get full insights.

* Get more help at https://help.gradle.org

BUILD FAILED in 11s
