
FAILURE: Build failed with an exception.

* Where:
Build file '/mnt/batch/tasks/workitems/NONDEX_nondex_r131_1M31d16h48m2s/job-1/Task1126/wd/NonDex-plugin-test/github.com/codetojoy/WarO_Java_9_Gradle/build.gradle' line: 11

* What went wrong:
A problem occurred configuring project ':org.peidevs.waro.base'.
> Could not get unknown property 'moduleName' for task ':org.peidevs.waro.base:compileJava' of type org.gradle.api.tasks.compile.JavaCompile.

* Try:
Run with --stacktrace option to get the stack trace. Run with --info or --debug option to get more log output. Run with --scan to get full insights.

* Get more help at https://help.gradle.org

BUILD FAILED in 2s
