
FAILURE: Build failed with an exception.

* Where:
Build file '/mnt/batch/tasks/workitems/NONDEX_nondex_r131_1M31d16h48m2s/job-1/Task1298/wd/NonDex-plugin-test/github.com/pressgang/jdocbook-core/build.gradle' line: 102

* What went wrong:
A problem occurred evaluating root project 'jdocbook-core'.
> Could not find method sourcesJar() for arguments [build_d3i2er4lcpfilpjbquofxnwk7$_run_closure4$_closure10$_closure12$_closure13@3240daab] on object of type org.gradle.api.publish.maven.internal.publication.DefaultMavenPublication.

* Try:
Run with --stacktrace option to get the stack trace. Run with --info or --debug option to get more log output. Run with --scan to get full insights.

* Get more help at https://help.gradle.org

BUILD FAILED in 5s
