
FAILURE: Build failed with an exception.

* Where:
Build file '/mnt/batch/tasks/workitems/NONDEX_nondex_r131_1M31d16h48m2s/job-1/Task810/wd/NonDex-plugin-test/github.com/rlty-live/Drive2Android-Gradle/drive2android/build.gradle' line: 112

* What went wrong:
A problem occurred evaluating project ':drive2android'.
> /mnt/batch/tasks/workitems/NONDEX_nondex_r131_1M31d16h48m2s/job-1/Task810/wd/NonDex-plugin-test/github.com/rlty-live/Drive2Android-Gradle/drive2android/android2drive.properties (No such file or directory)

* Try:
Run with --stacktrace option to get the stack trace. Run with --info or --debug option to get more log output. Run with --scan to get full insights.

* Get more help at https://help.gradle.org

BUILD FAILED in 12s
