[Fatal Error] org.sonarqube.gradle.plugin-2.6.pom:7:3: The element type "hr" must be terminated by the matching end-tag "</hr>".
[Fatal Error] org.sonarqube.gradle.plugin-2.6.pom:7:3: The element type "hr" must be terminated by the matching end-tag "</hr>".
[Fatal Error] org.sonarqube.gradle.plugin-2.6.pom:7:3: The element type "hr" must be terminated by the matching end-tag "</hr>".

FAILURE: Build failed with an exception.

* Where:
Build file '/mnt/batch/tasks/workitems/NONDEX_nondex_r131_1M31d16h48m2s/job-1/Task66/wd/NonDex-plugin-test/github.com/Akash-Mittal/bp-wallet-grpc-spring/build.gradle' line: 35

* What went wrong:
A problem occurred evaluating root project 'bp-wallet-grpc-spring'.
> Cannot add task 'wrapper' as a task with that name already exists.

* Try:
Run with --stacktrace option to get the stack trace. Run with --info or --debug option to get more log output. Run with --scan to get full insights.

* Get more help at https://help.gradle.org

BUILD FAILED in 13s
