
FAILURE: Build failed with an exception.

* Where:
Build file '/mnt/batch/tasks/workitems/NONDEX_nondex_r131_1M31d16h48m2s/job-1/Task1191/wd/NonDex-plugin-test/github.com/kdabir/gradle-helpers/build.gradle' line: 13

* What went wrong:
An exception occurred applying plugin request [id: 'net.researchgate.release', version: '2.3.5']
> Failed to apply plugin [id 'net.researchgate.release']
   > Could not find method leftShift() for arguments [org.codehaus.groovy.runtime.MethodClosure@78203ca] on task ':createScmAdapter' of type org.gradle.api.DefaultTask.

* Try:
Run with --stacktrace option to get the stack trace. Run with --info or --debug option to get more log output. Run with --scan to get full insights.

* Get more help at https://help.gradle.org

BUILD FAILED in 3s
