
FAILURE: Build failed with an exception.

* Where:
Build file '/mnt/batch/tasks/workitems/NONDEX_nondex_r131_1M31d16h48m2s/job-1/Task1262/wd/NonDex-plugin-test/github.com/kostek888888/bet-at-university/build.gradle' line: 122

* What went wrong:
A problem occurred evaluating root project 'bet-at-university'.
> Cannot add task 'wrapper' as a task with that name already exists.

* Try:
Run with --stacktrace option to get the stack trace. Run with --info or --debug option to get more log output. Run with --scan to get full insights.

* Get more help at https://help.gradle.org

BUILD FAILED in 2s
