
FAILURE: Build failed with an exception.

* Where:
Build file '/mnt/batch/tasks/workitems/NONDEX_nondex_r131_1M31d16h48m2s/job-1/Task1030/wd/NonDex-plugin-test/github.com/TomDmitriev/gradle-bundle-plugin/build.gradle' line: 52

* What went wrong:
A problem occurred evaluating root project 'gradle-bundle-plugin'.
> Could not get unknown property 'classesDir' for integ test classes of type org.gradle.api.internal.tasks.DefaultSourceSetOutput.

* Try:
Run with --stacktrace option to get the stack trace. Run with --info or --debug option to get more log output. Run with --scan to get full insights.

* Get more help at https://help.gradle.org

BUILD FAILED in 16s
