
FAILURE: Build failed with an exception.

* What went wrong:
A problem occurred configuring root project 'spring-boot-template'.
> Could not resolve all files for configuration ':classpath'.
   > Could not resolve org.springframework.boot:spring-boot-gradle-plugin:2.3.12.RELEASE.
     Required by:
         project :
      > Could not resolve org.springframework.boot:spring-boot-gradle-plugin:2.3.12.RELEASE.
         > Could not get resource 'https://maven.aliyun.com/repository/central/org/springframework/boot/spring-boot-gradle-plugin/2.3.12.RELEASE/spring-boot-gradle-plugin-2.3.12.RELEASE.pom'.
            > Could not GET 'https://archiva-maven-storage-prod.oss-cn-beijing.aliyuncs.com/repository/central/org/springframework/boot/spring-boot-gradle-plugin/2.3.12.RELEASE/spring-boot-gradle-plugin-2.3.12.RELEASE.pom?Expires=1675212727&OSSAccessKeyId=LTAIfU51SusnnfCC&Signature=BUP8ld7Ciho4MFeFEZ6kjg6SdUo%3D'.
               > Connect to archiva-maven-storage-prod.oss-cn-beijing.aliyuncs.com:443 [archiva-maven-storage-prod.oss-cn-beijing.aliyuncs.com/59.110.185.96] failed: Read timed out
   > Could not resolve com.bmuschko:gradle-docker-plugin:6.7.0.
     Required by:
         project :
      > Could not resolve com.bmuschko:gradle-docker-plugin:6.7.0.
         > Could not get resource 'https://maven.aliyun.com/repository/central/com/bmuschko/gradle-docker-plugin/6.7.0/gradle-docker-plugin-6.7.0.pom'.
            > Could not GET 'https://archiva-maven-storage-prod.oss-cn-beijing.aliyuncs.com/repository/central/com/bmuschko/gradle-docker-plugin/6.7.0/gradle-docker-plugin-6.7.0.pom?Expires=1675212727&OSSAccessKeyId=LTAIfU51SusnnfCC&Signature=Ktw01UbcxjJ71O0FsKVG2UplFsk%3D'.
               > Connect to archiva-maven-storage-prod.oss-cn-beijing.aliyuncs.com:443 [archiva-maven-storage-prod.oss-cn-beijing.aliyuncs.com/59.110.185.96] failed: Read timed out

* Try:
> Run with --stacktrace option to get the stack trace.
> Run with --info or --debug option to get more log output.
> Run with --scan to get full insights.

* Get more help at https://help.gradle.org

BUILD FAILED in 1m 48s
