
FAILURE: Build failed with an exception.

* Where:
Build file '/mnt/batch/tasks/workitems/NONDEX_nondex_r131_1M31d16h48m2s/job-1/Task579/wd/NonDex-plugin-test/github.com/zutherb/geb-example-gradle/build.gradle' line: 30

* What went wrong:
A problem occurred evaluating root project 'geb-example-gradle'.
> Cannot set the value of read-only property 'testReportDir' for object of type org.gradle.api.plugins.internal.DefaultJavaPluginConvention.

* Try:
Run with --stacktrace option to get the stack trace. Run with --info or --debug option to get more log output. Run with --scan to get full insights.

* Get more help at https://help.gradle.org

BUILD FAILED in 7s
