
FAILURE: Build failed with an exception.

* Where:
Build file '/mnt/batch/tasks/workitems/NONDEX_nondex_r131_1M31d16h48m2s/job-1/Task50/wd/NonDex-plugin-test/github.com/jacobdanner/gradle-jdev-plugin/build.gradle' line: 23

* What went wrong:
A problem occurred evaluating root project 'gradle-jdev-plugin'.
> Could not find method leftShift() for arguments [build_c6vf9jjlsq9whw12qc155w1rp$_run_closure2$_closure6@b8b3e10] on task ':show' of type org.gradle.api.DefaultTask.

* Try:
Run with --stacktrace option to get the stack trace. Run with --info or --debug option to get more log output. Run with --scan to get full insights.

* Get more help at https://help.gradle.org

BUILD FAILED in 21s
