
FAILURE: Build failed with an exception.

* Where:
Build file '/mnt/batch/tasks/workitems/NONDEX_nondex_r131_1M31d16h48m2s/job-1/Task206/wd/NonDex-plugin-test/github.com/ReadyTalk/gradle-readytalk-ci/build.gradle' line: 19

* What went wrong:
A problem occurred evaluating root project 'gradle-readytalk-ci'.
> Failed to apply plugin [class 'com.readytalk.gradle.plugins.integtest.IntegTestPlugin']
   > Could not set unknown property 'destination' for Report html of type org.gradle.api.reporting.internal.TaskGeneratedSingleDirectoryReport.

* Try:
Run with --stacktrace option to get the stack trace. Run with --info or --debug option to get more log output. Run with --scan to get full insights.

* Get more help at https://help.gradle.org

BUILD FAILED in 44s
