
FAILURE: Build failed with an exception.

* What went wrong:
A problem occurred configuring project ':kata-1/accounts-service'.
> The project name 'kata-1/accounts-service' must not contain any of the following characters: [/, \, :, <, >, ", ?, *, |]. Set the 'rootProject.name' or adjust the 'include' statement (see https://docs.gradle.org/5.0/dsl/org.gradle.api.initialization.Settings.html#org.gradle.api.initialization.Settings:include(java.lang.String[]) for more details).

* Try:
Run with --stacktrace option to get the stack trace. Run with --info or --debug option to get more log output. Run with --scan to get full insights.

* Get more help at https://help.gradle.org

BUILD FAILED in 2s
