
FAILURE: Build failed with an exception.

* Where:
Script '/mnt/batch/tasks/workitems/NONDEX_nondex_r131_1M31d16h48m2s/job-1/Task61/wd/NonDex-plugin-test/github.com/devalurum/stockPriceApp/stock-app-statistic/jib.gradle' line: 7

* What went wrong:
A problem occurred evaluating script.
> Could not get unknown property 'DOCKERHUB_USERNAME' for object of type com.google.cloud.tools.jib.gradle.AuthParameters.

* Try:
Run with --stacktrace option to get the stack trace. Run with --info or --debug option to get more log output. Run with --scan to get full insights.

* Get more help at https://help.gradle.org

BUILD FAILED in 7s
