startup failed:
/mnt/batch/tasks/workitems/NONDEX_nondex_r131_1M31d16h48m2s/job-1/Task1007/wd/NonDex-plugin-test/github.com/CirculoSiete/gen-ms-gradle-dev-plugin/src/main/groovy/com/circulosiete/dev/plugin/ms/MsSetupTask.groovy: 19: unable to resolve class org.apache.commons.io.FileUtils
 @ line 19, column 1.
   import org.apache.commons.io.FileUtils
   ^

/mnt/batch/tasks/workitems/NONDEX_nondex_r131_1M31d16h48m2s/job-1/Task1007/wd/NonDex-plugin-test/github.com/CirculoSiete/gen-ms-gradle-dev-plugin/src/main/groovy/com/circulosiete/dev/plugin/ms/util/FileCopyUtil.groovy: 19: unable to resolve class org.apache.commons.io.IOUtils
 @ line 19, column 1.
   import org.apache.commons.io.IOUtils
   ^

2 errors


FAILURE: Build failed with an exception.

* What went wrong:
Execution failed for task ':compileGroovy'.
> Compilation failed; see the compiler error output for details.

* Try:
Run with --stacktrace option to get the stack trace. Run with --info or --debug option to get more log output. Run with --scan to get full insights.

* Get more help at https://help.gradle.org

BUILD FAILED in 18s
