
FAILURE: Build failed with an exception.

* Where:
Build file '/mnt/batch/tasks/workitems/NONDEX_nondex_r131_1M31d16h48m2s/job-1/Task1355/wd/NonDex-plugin-test/github.com/tkgregory/gradle-github-actions-example/build.gradle' line: 39

* What went wrong:
A problem occurred evaluating root project 'gradle-github-actions-example'.
> Could not find method useJUnitJupiter() for arguments [] on task ':test' of type org.gradle.api.tasks.testing.Test.

* Try:
> Run with --stacktrace option to get the stack trace.
> Run with --info or --debug option to get more log output.

* Get more help at https://help.gradle.org

BUILD FAILED in 1s
