startup failed:
/mnt/batch/tasks/workitems/NONDEX_nondex_r131_1M31d16h48m2s/job-1/Task187/wd/NonDex-plugin-test/github.com/venkatperi/gradle-pbxproj/src/main/groovy/com/vperi/xcodeproj/XcodeProj.groovy: 16: Error during @TupleConstructor processing: 'includes' property 'workingDir' does not exist.
 @ line 16, column 1.
   @Canonical( includes = [ "projectName", "scriptDir", "workingDir" ] )
   ^

/mnt/batch/tasks/workitems/NONDEX_nondex_r131_1M31d16h48m2s/job-1/Task187/wd/NonDex-plugin-test/github.com/venkatperi/gradle-pbxproj/src/main/groovy/com/vperi/xcodeproj/XcodeProj.groovy: 16: Error during @EqualsAndHashCode processing: 'includes' property 'workingDir' does not exist.
 @ line 16, column 1.
   @Canonical( includes = [ "projectName", "scriptDir", "workingDir" ] )
   ^

2 errors


FAILURE: Build failed with an exception.

* What went wrong:
Execution failed for task ':compileGroovy'.
> Compilation failed; see the compiler error output for details.

* Try:
Run with --stacktrace option to get the stack trace. Run with --info or --debug option to get more log output. Run with --scan to get full insights.

* Get more help at https://help.gradle.org

BUILD FAILED in 20s
