
FAILURE: Build failed with an exception.

* Where:
Build file '/mnt/batch/tasks/workitems/NONDEX_nondex_r131_1M31d16h48m2s/job-1/Task1049/wd/NonDex-plugin-test/github.com/wgreven/hippo-gradle/build.gradle' line: 13

* What went wrong:
A problem occurred evaluating root project 'hippo-gradle'.
> Failed to apply plugin [id 'edu.illinois.nondex']
   > Could not resolve all files for configuration ':downloadNonDexCommonJar'.
      > Could not resolve edu.illinois:nondex-common:2.1.1.
        Required by:
            project :
         > Could not resolve edu.illinois:nondex-common:2.1.1.
            > Could not get resource 'https://nexus.codehaus.org/content/repositories/releases/org/codehaus/mojo/edu/illinois/nondex-common/2.1.1/nondex-common-2.1.1.pom'.
               > Could not HEAD 'https://nexus.codehaus.org/content/repositories/releases/org/codehaus/mojo/edu/illinois/nondex-common/2.1.1/nondex-common-2.1.1.pom'.
                  > nexus.codehaus.org
         > Could not resolve edu.illinois:nondex-common:2.1.1.
            > Could not get resource 'http://nexus.openqa.org/content/repositories/releases/edu/illinois/nondex-common/2.1.1/nondex-common-2.1.1.pom'.
               > Could not HEAD 'http://nexus.openqa.org/content/repositories/releases/edu/illinois/nondex-common/2.1.1/nondex-common-2.1.1.pom'.
                  > Connect to nexus.openqa.org:80 [nexus.openqa.org/199.102.165.92] failed: connect timed out

* Try:
Run with --stacktrace option to get the stack trace. Run with --info or --debug option to get more log output. Run with --scan to get full insights.

* Get more help at https://help.gradle.org

BUILD FAILED in 1m 37s
