startup failed:
/mnt/batch/tasks/workitems/NONDEX_nondex_r131_1M31d16h48m2s/job-1/Task1263/wd/NonDex-plugin-test/github.com/imcamilo/kotlin-spring-project/src/test/groovy/cl/obj/starter/model/UsersSpec.groovy: 20: Unrecognized block label: sthen @ line 20, column 9.
           users.id == "1"
           ^

1 error


FAILURE: Build failed with an exception.

* What went wrong:
Execution failed for task ':compileTestGroovy'.
> Compilation failed; see the compiler error output for details.

* Try:
Run with --stacktrace option to get the stack trace. Run with --info or --debug option to get more log output. Run with --scan to get full insights.

* Get more help at https://help.gradle.org

BUILD FAILED in 18s
