Errors occurred while build effective model from /root/.gradle/caches/modules-2/files-2.1/log4j/log4j/1.2.16/88efb1b8d3d993fe339e9e2b201c75eed57d4c65/log4j-1.2.16.pom:
    'build.plugins.plugin[io.spring.gradle.dependencymanagement.org.apache.maven.plugins:maven-antrun-plugin].dependencies.dependency.scope' for junit:junit:jar must be one of [compile, runtime, system] but is 'test'. in log4j:log4j:1.2.16

FAILURE: Build failed with an exception.

* What went wrong:
Execution failed for task ':compileJava'.
> Could not resolve all files for configuration ':compileClasspath'.
   > Could not find greeting:api:1.0.0.
     Required by:
         project :

* Try:
Run with --stacktrace option to get the stack trace. Run with --info or --debug option to get more log output. Run with --scan to get full insights.

* Get more help at https://help.gradle.org

BUILD FAILED in 8s
