
FAILURE: Build failed with an exception.

* What went wrong:
Could not determine the dependencies of task ':common:nondexTest'.
> Could not resolve all dependencies for configuration ':common:testRuntimeClasspath'.
   > The domain object 'compileJava' (JavaCompile) for this provider is no longer present in its container.

* Try:
Run with --stacktrace option to get the stack trace. Run with --info or --debug option to get more log output. Run with --scan to get full insights.

* Get more help at https://help.gradle.org

BUILD FAILED in 0s
