[Fatal Error] spring-boot-dependencies-2.0.4.RELEASE.pom:7:3: The element type "hr" must be terminated by the matching end-tag "</hr>".
[Fatal Error] spring-boot-dependencies-2.0.4.RELEASE.pom:7:3: The element type "hr" must be terminated by the matching end-tag "</hr>".
[Fatal Error] spring-boot-dependencies-2.0.4.RELEASE.pom:7:3: The element type "hr" must be terminated by the matching end-tag "</hr>".
[Fatal Error] kotlin-compiler-embeddable-1.3.10.pom:7:3: The element type "hr" must be terminated by the matching end-tag "</hr>".
[Fatal Error] kotlin-compiler-embeddable-1.3.10.pom:7:3: The element type "hr" must be terminated by the matching end-tag "</hr>".
[Fatal Error] kotlin-compiler-embeddable-1.3.10.pom:7:3: The element type "hr" must be terminated by the matching end-tag "</hr>".
Could not resolve compiler classpath. Check if Kotlin Gradle plugin repository is configured in project ':shared'.

FAILURE: Build failed with an exception.

* What went wrong:
Could not determine the dependencies of task ':shared:compileTestKotlin'.
> Could not resolve all dependencies for configuration ':shared:detachedConfiguration1'.
   > Could not resolve org.springframework.boot:spring-boot-dependencies:2.0.4.RELEASE.
     Required by:
         project :shared
      > Could not resolve org.springframework.boot:spring-boot-dependencies:2.0.4.RELEASE.
         > Could not parse POM http://repo.spring.io/libs-snapshot/org/springframework/boot/spring-boot-dependencies/2.0.4.RELEASE/spring-boot-dependencies-2.0.4.RELEASE.pom
            > The element type "hr" must be terminated by the matching end-tag "</hr>".

* Try:
Run with --stacktrace option to get the stack trace. Run with --info or --debug option to get more log output. Run with --scan to get full insights.

* Get more help at https://help.gradle.org

BUILD FAILED in 7s
