
FAILURE: Build failed with an exception.

* Where:
Build file '/mnt/batch/tasks/workitems/NONDEX_nondex_r131_1M31d16h48m2s/job-1/Task1082/wd/NonDex-plugin-test/github.com/lowapple/study.gradle/kotlin/build.gradle' line: 13

* What went wrong:
A problem occurred evaluating project ':kotlin'.
> Failed to apply plugin [id 'kotlin']
   > Could not create plugin of type 'KotlinPluginWrapper'.
      > null cannot be cast to non-null type kotlin.String

* Try:
Run with --stacktrace option to get the stack trace. Run with --info or --debug option to get more log output. Run with --scan to get full insights.

* Get more help at https://help.gradle.org

BUILD FAILED in 879ms
