warning: [options] bootstrap class path not set in conjunction with -source 7
1 warning
startup failed:
/mnt/batch/tasks/workitems/NONDEX_nondex_r131_1M31d16h48m2s/job-1/Task594/wd/NonDex-plugin-test/github.com/Praqma/gradle-docker-plugin/src/main/groovy/net/praqma/gradle/utils/ProgressReporter.groovy: 7: unable to resolve class org.gradle.logging.ProgressLogger
 @ line 7, column 1.
   import org.gradle.logging.ProgressLogger
   ^

/mnt/batch/tasks/workitems/NONDEX_nondex_r131_1M31d16h48m2s/job-1/Task594/wd/NonDex-plugin-test/github.com/Praqma/gradle-docker-plugin/src/main/groovy/net/praqma/gradle/utils/ProgressReporter.groovy: 13: unable to resolve class org.gradle.logging.ProgressLogger 
 @ line 13, column 2.
   	private ProgressLogger progressLogger
    ^

2 errors


FAILURE: Build failed with an exception.

* What went wrong:
Execution failed for task ':compileGroovy'.
> Compilation failed; see the compiler error output for details.

* Try:
Run with --stacktrace option to get the stack trace. Run with --info or --debug option to get more log output. Run with --scan to get full insights.

* Get more help at https://help.gradle.org

BUILD FAILED in 6s
