startup failed:
/mnt/batch/tasks/workitems/NONDEX_nondex_r131_1M31d16h48m2s/job-1/Task1128/wd/NonDex-plugin-test/github.com/Argelbargel/gradle-build-modules/src/main/groovy/argelbargel/gradle/plugins/buildModules/manager/includer/projects/SettingsDecorator.groovy: 21: Can't have an abstract method in a non-abstract class. The class 'argelbargel.gradle.plugins.buildModules.manager.includer.projects.SettingsDecorator' must be declared abstract or the method 'org.gradle.api.plugins.ExtensionContainer getExtensions()' must be implemented.
 @ line 21, column 1.
   final class SettingsDecorator implements Settings {
   ^

1 error


FAILURE: Build failed with an exception.

* What went wrong:
Execution failed for task ':compileGroovy'.
> Compilation failed; see the compiler error output for details.

* Try:
Run with --stacktrace option to get the stack trace. Run with --info or --debug option to get more log output. Run with --scan to get full insights.

* Get more help at https://help.gradle.org

BUILD FAILED in 20s
