
FAILURE: Build failed with an exception.

* What went wrong:
Execution failed for task ':compileGroovy'.
> Could not resolve all files for configuration ':compileClasspath'.
   > Could not find com.carbonhealth.foundations:armeriacodegen:1.0-SNAPSHOT.
     Searched in the following locations:
       - file:/root/.m2/repository/com/carbonhealth/foundations/armeriacodegen/1.0-SNAPSHOT/maven-metadata.xml
       - file:/root/.m2/repository/com/carbonhealth/foundations/armeriacodegen/1.0-SNAPSHOT/armeriacodegen-1.0-SNAPSHOT.pom
       - https://repo.maven.apache.org/maven2/com/carbonhealth/foundations/armeriacodegen/1.0-SNAPSHOT/maven-metadata.xml
       - https://repo.maven.apache.org/maven2/com/carbonhealth/foundations/armeriacodegen/1.0-SNAPSHOT/armeriacodegen-1.0-SNAPSHOT.pom
     Required by:
         project :

* Try:
Run with --stacktrace option to get the stack trace. Run with --info or --debug option to get more log output. Run with --scan to get full insights.

* Get more help at https://help.gradle.org

BUILD FAILED in 1s
