
FAILURE: Build failed with an exception.

* Where:
Build file '/mnt/batch/tasks/workitems/NONDEX_nondex_r131_1M31d16h48m2s/job-1/Task110/wd/NonDex-plugin-test/github.com/nlwillia/kotlintest/shared/build.gradle' line: 9

* What went wrong:
An exception occurred applying plugin request [id: 'org.jetbrains.kotlin.jvm', artifact: 'org.jetbrains.kotlin:kotlin-gradle-plugin:1.3.72']
> Failed to apply plugin [id 'org.jetbrains.kotlin.jvm']
   > Could not create plugin of type 'KotlinPluginWrapper'.
      > null cannot be cast to non-null type kotlin.String

* Try:
Run with --stacktrace option to get the stack trace. Run with --info or --debug option to get more log output. Run with --scan to get full insights.

* Get more help at https://help.gradle.org

BUILD FAILED in 835ms
