
FAILURE: Build failed with an exception.

* Where:
Build file '/mnt/batch/tasks/workitems/NONDEX_nondex_r131_1M31d16h48m2s/job-1/Task135/wd/NonDex-plugin-test/github.com/Amelia-Lopez/gradle-jmh-scala/build.gradle' line: 6

* What went wrong:
An exception occurred applying plugin request [id: 'me.champeau.gradle.jmh', version: '0.3.1']
> Failed to apply plugin [id 'me.champeau.gradle.jmh']
   > Could not create task ':jmhRunBytecodeGenerator'.
      > Could not get unknown property 'classesDir' for jmh classes of type org.gradle.api.internal.tasks.DefaultSourceSetOutput.

* Try:
Run with --stacktrace option to get the stack trace. Run with --info or --debug option to get more log output. Run with --scan to get full insights.

* Get more help at https://help.gradle.org

BUILD FAILED in 9s
