
FAILURE: Build failed with an exception.

* Where:
Build file '/mnt/batch/tasks/workitems/NONDEX_nondex_r131_1M31d16h48m2s/job-1/Task876/wd/NonDex-plugin-test/github.com/skoky/akka-http-gradle/build.gradle' line: 10

* What went wrong:
A problem occurred evaluating root project 'akka-http-gradle'.
> No such property: useAnt for class: org.gradle.api.tasks.scala.ScalaCompileOptions

* Try:
Run with --stacktrace option to get the stack trace. Run with --info or --debug option to get more log output. Run with --scan to get full insights.

* Get more help at https://help.gradle.org

BUILD FAILED in 0s
