
FAILURE: Build failed with an exception.

* What went wrong:
A problem occurred configuring root project 'build-version-plugin'.
> Could not resolve all artifacts for configuration ':classpath'.
   > Could not resolve com.infusionsoft.gradle:pancakes-build-plugin:1.3.6.
     Required by:
         project :
      > Could not resolve com.infusionsoft.gradle:pancakes-build-plugin:1.3.6.
         > Could not get resource 'https://infusionsoft.jfrog.io/infusionsoft/repo/com/infusionsoft/gradle/pancakes-build-plugin/1.3.6/pancakes-build-plugin-1.3.6.pom'.
            > Username may not be null

* Try:
Run with --stacktrace option to get the stack trace. Run with --info or --debug option to get more log output. Run with --scan to get full insights.

* Get more help at https://help.gradle.org

BUILD FAILED in 3s
