
FAILURE: Build failed with an exception.

* Where:
Build file '/mnt/batch/tasks/workitems/NONDEX_nondex_r131_1M31d16h48m2s/job-1/Task1140/wd/NonDex-plugin-test/github.com/rcw3bb/simple-git/build.gradle' line: 36

* What went wrong:
A problem occurred evaluating root project 'simple-git'.
> Cannot create a Publication named 'archivaUsername' because this container does not support creating elements by name alone. Please specify which subtype of Publication to create. Known subtypes are: MavenPublication

* Try:
> Run with --stacktrace option to get the stack trace.
> Run with --info or --debug option to get more log output.
> Run with --scan to get full insights.

* Get more help at https://help.gradle.org

BUILD FAILED in 20s
