Project evaluation failed including an error in afterEvaluate {}. Run with --stacktrace for details of the afterEvaluate {} error.

FAILURE: Build failed with an exception.

* Where:
Build file '/mnt/batch/tasks/workitems/NONDEX_nondex_r131_1M31d16h48m2s/job-1/Task747/wd/NonDex-plugin-test/github.com/horie1024/gradle-generate-data-layer-plugin/build.gradle' line: 19

* What went wrong:
A problem occurred evaluating root project 'gradle-generate-data-layer-plugin'.
> Plugin with id 'com.horie1024.plugins.generate.datalayer' not found.

* Try:
Run with --stacktrace option to get the stack trace. Run with --info or --debug option to get more log output. Run with --scan to get full insights.

* Get more help at https://help.gradle.org

BUILD FAILED in 12s
