[Fatal Error] net.researchgate.release.gradle.plugin-2.3.4.pom:7:3: The element type "hr" must be terminated by the matching end-tag "</hr>".
[Fatal Error] com.jfrog.bintray.gradle.plugin-1.5.pom:7:3: The element type "hr" must be terminated by the matching end-tag "</hr>".
[Fatal Error] net.researchgate.release.gradle.plugin-2.3.4.pom:7:3: The element type "hr" must be terminated by the matching end-tag "</hr>".
[Fatal Error] com.jfrog.bintray.gradle.plugin-1.5.pom:7:3: The element type "hr" must be terminated by the matching end-tag "</hr>".
[Fatal Error] net.researchgate.release.gradle.plugin-2.3.4.pom:7:3: The element type "hr" must be terminated by the matching end-tag "</hr>".
[Fatal Error] com.jfrog.bintray.gradle.plugin-1.5.pom:7:3: The element type "hr" must be terminated by the matching end-tag "</hr>".

FAILURE: Build failed with an exception.

* Where:
Build file '/mnt/batch/tasks/workitems/NONDEX_nondex_r131_1M31d16h48m2s/job-1/Task171/wd/NonDex-plugin-test/github.com/shafirov/kwp/build.gradle' line: 14

* What went wrong:
An exception occurred applying plugin request [id: 'net.researchgate.release', version: '2.3.4']
> Failed to apply plugin [id 'net.researchgate.release']
   > Could not find method leftShift() for arguments [org.codehaus.groovy.runtime.MethodClosure@7f99e452] on task ':createScmAdapter' of type org.gradle.api.DefaultTask.

* Try:
Run with --stacktrace option to get the stack trace. Run with --info or --debug option to get more log output. Run with --scan to get full insights.

* Get more help at https://help.gradle.org

BUILD FAILED in 14s
