
FAILURE: Build failed with an exception.

* Where:
Build file '/mnt/batch/tasks/workitems/NONDEX_nondex_r131_1M31d16h48m2s/job-1/Task481/wd/NonDex-plugin-test/github.com/ikikko/helloGradleJava/build.gradle' line: 14

* What went wrong:
A problem occurred evaluating root project 'helloGradleJava'.
> Could not find method leftShift() for arguments [build_1ybzwp7bhel9wfzoh740117hj$_run_closure3@a003501] on task ':hello' of type org.gradle.api.DefaultTask.

* Try:
Run with --stacktrace option to get the stack trace. Run with --info or --debug option to get more log output. Run with --scan to get full insights.

* Get more help at https://help.gradle.org

BUILD FAILED in 7s
