
FAILURE: Build failed with an exception.

* Where:
Build file '/mnt/batch/tasks/workitems/NONDEX_nondex_r131_1M31d16h48m2s/job-1/Task254/wd/NonDex-plugin-test/github.com/seakayone/gradle-plugin-example/build.gradle' line: 18

* What went wrong:
A problem occurred evaluating root project 'appds-spring-boot-gradle-plugin'.
> Could not set unknown property 'gradleVersion' for root project 'appds-spring-boot-gradle-plugin' of type org.gradle.api.Project.

* Try:
Run with --stacktrace option to get the stack trace. Run with --info or --debug option to get more log output. Run with --scan to get full insights.

* Get more help at https://help.gradle.org

BUILD FAILED in 0s
