
FAILURE: Build failed with an exception.

* Where:
Build file '/mnt/batch/tasks/workitems/NONDEX_nondex_r131_1M31d16h48m2s/job-1/Task1169/wd/NonDex-plugin-test/github.com/edibleday/teavm-gradle-plugin/build.gradle' line: 13

* What went wrong:
A problem occurred evaluating root project 'teavm-gradle-plugin'.
> 'void org.gradle.api.plugins.JavaBasePlugin.configureForSourceSet(org.gradle.api.tasks.SourceSet, org.gradle.api.tasks.compile.AbstractCompile)'

* Try:
Run with --stacktrace option to get the stack trace. Run with --info or --debug option to get more log output. Run with --scan to get full insights.

* Get more help at https://help.gradle.org

BUILD FAILED in 11s
