
FAILURE: Build failed with an exception.

* Where:
Build file '/mnt/batch/tasks/workitems/NONDEX_nondex_r131_1M31d16h48m2s/job-1/Task308/wd/NonDex-plugin-test/github.com/SpongePowered/SpongeVanilla/build.gradle' line: 61

* What went wrong:
A problem occurred evaluating root project 'SpongeVanilla'.
> Could not read script '/mnt/batch/tasks/workitems/NONDEX_nondex_r131_1M31d16h48m2s/job-1/Task308/wd/NonDex-plugin-test/github.com/SpongePowered/SpongeVanilla/SpongeCommon/gradle/implementation.gradle' as it does not exist.

* Try:
Run with --stacktrace option to get the stack trace. Run with --info or --debug option to get more log output. Run with --scan to get full insights.

* Get more help at https://help.gradle.org

BUILD FAILED in 25s
