
FAILURE: Build failed with an exception.

* Where:
Build file '/mnt/batch/tasks/workitems/NONDEX_nondex_r131_1M31d16h48m2s/job-1/Task727/wd/NonDex-plugin-test/github.com/wstrzalka/gradle-flyway-jooq-plugin/build.gradle' line: 29

* What went wrong:
A problem occurred evaluating root project 'gradle-flyway-jooq-plugin'.
> Could not get unknown property 'BINTRAY_USER' for object of type com.jfrog.bintray.gradle.BintrayExtension.

* Try:
Run with --stacktrace option to get the stack trace. Run with --info or --debug option to get more log output. Run with --scan to get full insights.

* Get more help at https://help.gradle.org

BUILD FAILED in 2s
