
FAILURE: Build failed with an exception.

* Where:
Script '/mnt/batch/tasks/workitems/NONDEX_nondex_r131_1M31d16h48m2s/job-1/Task1272/wd/NonDex-plugin-test/github.com/LajosCseppento/gradle-evosuite-plugin/gradle/build-scan.gradle' line: 5

* What went wrong:
A problem occurred evaluating script.
> Failed to apply plugin [class 'com.gradle.scan.plugin.BuildScanPlugin']
   > This version of Gradle requires version 2.0.2 of the build scan plugin or later.
     Please see https://gradle.com/scans/help/gradle-incompatible-plugin-version for more information.

* Try:
Run with --stacktrace option to get the stack trace. Run with --info or --debug option to get more log output. Run with --scan to get full insights.

* Get more help at https://help.gradle.org

BUILD FAILED in 5s
