
FAILURE: Build failed with an exception.

* What went wrong:
A problem occurred configuring root project 'gradle-dependency-graph-plugin'.
> Could not resolve all artifacts for configuration ':classpath'.
   > Could not resolve org.codehaus.groovy.modules.http-builder:http-builder:0.6.
     Required by:
         project :
      > Could not resolve org.codehaus.groovy.modules.http-builder:http-builder:0.6.
         > Could not get resource 'http://jcenter.bintray.com/org/codehaus/groovy/modules/http-builder/http-builder/0.6/http-builder-0.6.pom'.
            > Could not GET 'http://jcenter.bintray.com/org/codehaus/groovy/modules/http-builder/http-builder/0.6/http-builder-0.6.pom'.
               > Connection reset

* Try:
Run with --stacktrace option to get the stack trace. Run with --info or --debug option to get more log output. Run with --scan to get full insights.

* Get more help at https://help.gradle.org

BUILD FAILED in 4s
