
FAILURE: Build failed with an exception.

* What went wrong:
A problem occurred configuring root project 'summit-todos'.
> Could not resolve all artifacts for configuration ':classpath'.
   > Could not find com.bmuschko:gradle-node-plugin:0.1.
     Searched in the following locations:
       - file:/root/.m2/repository/com/bmuschko/gradle-node-plugin/0.1/gradle-node-plugin-0.1.pom
       - file:/root/.m2/repository/com/bmuschko/gradle-node-plugin/0.1/gradle-node-plugin-0.1.jar
       - https://repo.grails.org/grails/core/com/bmuschko/gradle-node-plugin/0.1/gradle-node-plugin-0.1.pom
       - https://repo.grails.org/grails/core/com/bmuschko/gradle-node-plugin/0.1/gradle-node-plugin-0.1.jar
       - https://plugins.gradle.org/m2/com/bmuschko/gradle-node-plugin/0.1/gradle-node-plugin-0.1.pom
       - https://plugins.gradle.org/m2/com/bmuschko/gradle-node-plugin/0.1/gradle-node-plugin-0.1.jar
     Required by:
         project :

* Try:
Run with --stacktrace option to get the stack trace. Run with --info or --debug option to get more log output. Run with --scan to get full insights.

* Get more help at https://help.gradle.org

BUILD FAILED in 14s
