
FAILURE: Build failed with an exception.

* Where:
Build file '/mnt/batch/tasks/workitems/NONDEX_nondex_r131_1M31d16h48m2s/job-1/Task799/wd/NonDex-plugin-test/github.com/Jimdo/gradle-apt-plugin/build.gradle' line: 40

* What went wrong:
A problem occurred evaluating root project 'gradle-apt-plugin'.
> Could not get unknown property 'sonatypeUsername' for object of type org.gradle.api.publication.maven.internal.deployer.DefaultGroovyMavenDeployer.

* Try:
Run with --stacktrace option to get the stack trace. Run with --info or --debug option to get more log output. Run with --scan to get full insights.

* Get more help at https://help.gradle.org

BUILD FAILED in 3s
