
FAILURE: Build failed with an exception.

* Where:
Build file '/mnt/batch/tasks/workitems/NONDEX_nondex_r131_1M31d16h48m2s/job-1/Task1338/wd/NonDex-plugin-test/github.com/javagrails/restlab/build.gradle' line: 19

* What went wrong:
A problem occurred evaluating root project 'restlab'.
> Failed to apply plugin [id 'org.grails.grails-web']
   > Could not find method leftShift() for arguments [org.grails.gradle.plugin.core.GrailsGradlePlugin$_createBuildPropertiesTask_closure3@3148646] on task ':buildProperties' of type org.gradle.api.DefaultTask.

* Try:
Run with --stacktrace option to get the stack trace. Run with --info or --debug option to get more log output. Run with --scan to get full insights.

* Get more help at https://help.gradle.org

BUILD FAILED in 30s
