
FAILURE: Build failed with an exception.

* Where:
Build file '/mnt/batch/tasks/workitems/NONDEX_nondex_r131_1M31d16h48m2s/job-1/Task25/wd/NonDex-plugin-test/github.com/axmetishe/gradle-qt-application-example/build.gradle' line: 4

* What went wrong:
An exception occurred applying plugin request [id: 'org.platops.gradle.plugins.qt.gradle-qt-plugin', version: '1.0.1']
> Failed to apply plugin 'org.platops.gradle.plugins.qt.gradle-qt-plugin'.
   > 
               Couldn't find valid QT SDK paths.
               Please configure SDK using one of the following methods available:
                - add SDK 'bin' directory into PATH variable to make 'moc', 'uic', 'rcc' available from it
                - define 'QT_PATH' environment variable
             

* Try:
Run with --stacktrace option to get the stack trace. Run with --info or --debug option to get more log output. Run with --scan to get full insights.

* Get more help at https://help.gradle.org

BUILD FAILED in 14s
