
FAILURE: Build failed with an exception.

* Where:
Build file '/mnt/batch/tasks/workitems/NONDEX_nondex_r131_1M31d16h48m2s/job-1/Task793/wd/NonDex-plugin-test/github.com/punya/spark-gradle-test-example/build.gradle' line: 2

* What went wrong:
An exception occurred applying plugin request [id: 'scala']
> Failed to apply plugin [class 'com.github.jengelman.gradle.plugins.shadow.ShadowJavaPlugin']
   > Could not create task ':shadowJar'.
      > Could not create task of type 'ShadowJar'.
         > 'void org.gradle.api.java.archives.internal.DefaultManifest.<init>(org.gradle.api.internal.file.FileResolver)'

* Try:
Run with --stacktrace option to get the stack trace. Run with --info or --debug option to get more log output. Run with --scan to get full insights.

* Get more help at https://help.gradle.org

BUILD FAILED in 10s
