
FAILURE: Build failed with an exception.

* Where:
Build file '/mnt/batch/tasks/workitems/NONDEX_nondex_r131_1M31d16h48m2s/job-1/Task354/wd/NonDex-plugin-test/github.com/fly2wind/gradle-gitflow-plugin/build.gradle' line: 6

* What went wrong:
A problem occurred evaluating root project 'gradle-gitflow-plugin'.
> Could not find method mavenCenter() for arguments [] on repository container of type org.gradle.api.internal.artifacts.dsl.DefaultRepositoryHandler.

* Try:
Run with --stacktrace option to get the stack trace. Run with --info or --debug option to get more log output. Run with --scan to get full insights.

* Get more help at https://help.gradle.org

BUILD FAILED in 0s
