
FAILURE: Build failed with an exception.

* Where:
Build file '/mnt/batch/tasks/workitems/NONDEX_nondex_r131_1M31d16h48m2s/job-1/Task677/wd/NonDex-plugin-test/github.com/multi-os-engine/moe-build-gradle/build.gradle' line: 30

* What went wrong:
A problem occurred evaluating root project 'moe-build-gradle'.
> Could not find method initMOEProject() for arguments [root project 'moe-build-gradle', {vMajor=1, vMinor=1, vPatch=0}] on root project 'moe-build-gradle' of type org.gradle.api.Project.

* Try:
Run with --stacktrace option to get the stack trace. Run with --info or --debug option to get more log output. Run with --scan to get full insights.

* Get more help at https://help.gradle.org

BUILD FAILED in 3s
