
FAILURE: Build failed with an exception.

* Where:
Script '/mnt/batch/tasks/workitems/NONDEX_nondex_r131_1M31d16h48m2s/job-1/Task545/wd/NonDex-plugin-test/github.com/mgoellnitz/tangram/commons.gradle' line: 201

* What went wrong:
A problem occurred evaluating script.
> Could not get unknown property 'providedCompile' for configuration container of type org.gradle.api.internal.artifacts.configurations.DefaultConfigurationContainer.

* Try:
Run with --stacktrace option to get the stack trace. Run with --info or --debug option to get more log output. Run with --scan to get full insights.

* Get more help at https://help.gradle.org

BUILD FAILED in 51s
