
FAILURE: Build failed with an exception.

* Where:
Build file '/mnt/batch/tasks/workitems/NONDEX_nondex_r131_1M31d16h48m2s/job-1/Task518/wd/NonDex-plugin-test/github.com/messliyan/Spring_Gradle/build.gradle' line: 4

* What went wrong:
Plugin [id: 'cn.xinzhili.napp.autobuild'] was not found in any of the following sources:

- Gradle Core Plugins (plugin is not in 'org.gradle' namespace)
- Plugin Repositories (plugin dependency must include a version number for this source)

* Try:
Run with --stacktrace option to get the stack trace. Run with --info or --debug option to get more log output. Run with --scan to get full insights.

* Get more help at https://help.gradle.org

BUILD FAILED in 10s
