
FAILURE: Build failed with an exception.

* Where:
Settings file '/mnt/batch/tasks/workitems/NONDEX_nondex_r131_1M31d16h48m2s/job-1/Task670/wd/NonDex-plugin-test/github.com/brambolt/gradle-patching/settings.gradle' line: 24

* What went wrong:
A problem occurred evaluating settings 'gradle-patching'.
> Could not get unknown property 'bramboltVersion' for object of type org.gradle.plugin.management.internal.DefaultPluginManagementSpec$PluginDependenciesSpecImpl.

* Try:
Run with --stacktrace option to get the stack trace. Run with --info or --debug option to get more log output. Run with --scan to get full insights.

* Get more help at https://help.gradle.org

BUILD FAILED in 9s
