
FAILURE: Build failed with an exception.

* What went wrong:
Execution failed for task ':dsl:compileGroovy'.
> Cannot infer Groovy class path because no Groovy Jar was found on class path: [/mnt/batch/tasks/workitems/NONDEX_nondex_r131_1M31d16h48m2s/job-1/Task1277/wd/NonDex-plugin-test/github.com/jzj1993/GradleStudy/dsl/build/classes/java/main]

* Try:
Run with --stacktrace option to get the stack trace. Run with --info or --debug option to get more log output. Run with --scan to get full insights.

* Get more help at https://help.gradle.org

BUILD FAILED in 0s
