
FAILURE: Build failed with an exception.

* Where:
Build file '/mnt/batch/tasks/workitems/NONDEX_nondex_r131_1M31d16h48m2s/job-1/Task164/wd/NonDex-plugin-test/github.com/protop-io/protop-gradle-plugin/build.gradle' line: 70

* What went wrong:
A problem occurred evaluating root project 'protop-gradle-plugin'.
> Failed to apply plugin [id 'edu.illinois.nondex']
   > Could not resolve all dependencies for configuration ':downloadNonDexCommonJar'.
      > Locking strict mode: Configuration ':downloadNonDexCommonJar' is locked but does not have lock state.

* Try:
Run with --stacktrace option to get the stack trace. Run with --info or --debug option to get more log output. Run with --scan to get full insights.

* Get more help at https://help.gradle.org

BUILD FAILED in 1s
