startup failed:
/mnt/batch/tasks/workitems/NONDEX_nondex_r131_1M31d16h48m2s/job-1/Task284/wd/NonDex-plugin-test/github.com/Praqma/luci-gradle/src/test/groovy/net/praqma/luci/gradle/LuciPluginTest.groovy: 7: unable to resolve class org.junit.Ignore
 @ line 7, column 1.
   import org.junit.Ignore
   ^

/mnt/batch/tasks/workitems/NONDEX_nondex_r131_1M31d16h48m2s/job-1/Task284/wd/NonDex-plugin-test/github.com/Praqma/luci-gradle/src/test/groovy/net/praqma/luci/gradle/LuciPluginTest.groovy: 8: unable to resolve class org.junit.Test
 @ line 8, column 1.
   import org.junit.Test
   ^

2 errors


FAILURE: Build failed with an exception.

* What went wrong:
Execution failed for task ':compileTestGroovy'.
> Compilation failed; see the compiler error output for details.

* Try:
Run with --stacktrace option to get the stack trace. Run with --info or --debug option to get more log output. Run with --scan to get full insights.

* Get more help at https://help.gradle.org

BUILD FAILED in 20s
