
FAILURE: Build failed with an exception.

* What went wrong:
Execution failed for task ':compileJava'.
> Could not resolve all files for configuration ':compileClasspath'.
   > Could not find org.eclipse.jdt.core.jar (org.eclipse.jdt:org.eclipse.jdt.core:3.10.0.v20131029-1755).
     Searched in the following locations:
         http://files.minecraftforge.net/maven/org/eclipse/jdt/org.eclipse.jdt.core/3.10.0.v20131029-1755/org.eclipse.jdt.core-3.10.0.v20131029-1755.jar

* Try:
Run with --stacktrace option to get the stack trace. Run with --info or --debug option to get more log output. Run with --scan to get full insights.

* Get more help at https://help.gradle.org

BUILD FAILED in 20s
