
FAILURE: Build failed with an exception.

* What went wrong:
Execution failed for task ':ihub-bom:compileGroovy'.
> Could not resolve all files for configuration ':ihub-bom:compileClasspath'.
   > Could not download ihub-core-1.0.15.jar (pub.ihub.lib:ihub-core:1.0.15): Skipped due to earlier error

* Try:
> Run with --stacktrace option to get the stack trace.
> Run with --info or --debug option to get more log output.
> Run with --scan to get full insights.

* Get more help at https://help.gradle.org

BUILD FAILED in 3m 24s
