
18 tests completed, 18 failed

FAILURE: Build failed with an exception.

* What went wrong:
Execution failed for task ':micronaut-minimal-plugin:nondexTest'.
> There were failing tests. See the report at: file:///mnt/batch/tasks/workitems/NONDEX_nondex_r131_1M31d16h48m2s/job-1/Task648/wd/NonDex-plugin-test/github.com/micronaut-projects/micronaut-gradle-plugin/minimal-plugin/build/reports/tests/nondexTest/index.html

* Try:
> Run with --stacktrace option to get the stack trace.
> Run with --info or --debug option to get more log output.

* Get more help at https://help.gradle.org

BUILD FAILED in 1m 17s
