
FAILURE: Build failed with an exception.

* What went wrong:
A problem occurred configuring root project 'gradle-marytts-lexicon-compiler-plugin'.
> Cannot change attributes of dependency configuration ':javadocElements' after it has been resolved

* Try:
> Run with --stacktrace option to get the stack trace.
> Run with --info or --debug option to get more log output.
> Run with --scan to get full insights.

* Get more help at https://help.gradle.org

BUILD FAILED in 1s
