
FAILURE: Build failed with an exception.

* Where:
Build file '/mnt/batch/tasks/workitems/NONDEX_nondex_r131_1M31d16h48m2s/job-1/Task1285/wd/NonDex-plugin-test/github.com/Shevchik/ManualGradleDependencySupplier/build.gradle' line: 44

* What went wrong:
A problem occurred evaluating root project 'ManualGradleDependencySupplier'.
> Could not set unknown property 'srcDirs' for source set 'java' of type org.gradle.api.internal.tasks.DefaultSourceSet.

* Try:
Run with --stacktrace option to get the stack trace. Run with --info or --debug option to get more log output. Run with --scan to get full insights.

* Get more help at https://help.gradle.org

BUILD FAILED in 1s
