
FAILURE: Build failed with an exception.

* What went wrong:
Execution failed for task ':compileJava'.
> Could not resolve all files for configuration ':compileClasspath'.
   > Could not find com.google.gwt:gwt-user:2.8.0-SNAPSHOT.
     Searched in the following locations:
       - https://repo.maven.apache.org/maven2/com/google/gwt/gwt-user/2.8.0-SNAPSHOT/maven-metadata.xml
       - https://repo.maven.apache.org/maven2/com/google/gwt/gwt-user/2.8.0-SNAPSHOT/gwt-user-2.8.0-SNAPSHOT.pom
       - https://repo.maven.apache.org/maven2/com/google/gwt/gwt-user/2.8.0-SNAPSHOT/gwt-user-2.8.0-SNAPSHOT.jar
       - https://oss.sonatype.org/content/repositories/google-snapshots/com/google/gwt/gwt-user/2.8.0-SNAPSHOT/maven-metadata.xml
       - https://oss.sonatype.org/content/repositories/google-snapshots/com/google/gwt/gwt-user/2.8.0-SNAPSHOT/gwt-user-2.8.0-SNAPSHOT.pom
       - https://oss.sonatype.org/content/repositories/google-snapshots/com/google/gwt/gwt-user/2.8.0-SNAPSHOT/gwt-user-2.8.0-SNAPSHOT.jar
     Required by:
         project :

* Try:
Run with --stacktrace option to get the stack trace. Run with --info or --debug option to get more log output. Run with --scan to get full insights.

* Get more help at https://help.gradle.org

BUILD FAILED in 1s
