
FAILURE: Build failed with an exception.

* Where:
Build file '/mnt/batch/tasks/workitems/NONDEX_nondex_r131_1M31d16h48m2s/job-1/Task86/wd/NonDex-plugin-test/github.com/palantir/gradle-git-version/build.gradle' line: 104

* What went wrong:
A problem occurred evaluating root project 'gradle-git-version'.
> Failed to apply plugin 'edu.illinois.nondex'.
   > Not allowed to resolve configuration ':downloadNonDexCommonJar' at configuration time (https://guides.gradle.org/performance/#don_t_resolve_dependencies_at_configuration_time). Please upgrade your plugins and double-check your gradle scripts (see stacktrace)

* Try:
> Run with --stacktrace option to get the stack trace.
> Run with --info or --debug option to get more log output.
> Run with --scan to get full insights.

* Get more help at https://help.gradle.org

BUILD FAILED in 1s
