
FAILURE: Build failed with an exception.

* Where:
Build file '/mnt/batch/tasks/workitems/NONDEX_nondex_r131_1M31d16h48m2s/job-1/Task688/wd/NonDex-plugin-test/github.com/elypia/Commandler-Examples/build.gradle' line: 62

* What went wrong:
A problem occurred evaluating root project 'commandler-examples'.
> Could not get unknown property 'classesDirs' for source set 'output' of type org.gradle.api.internal.tasks.DefaultSourceSet.

* Try:
Run with --stacktrace option to get the stack trace. Run with --info or --debug option to get more log output. Run with --scan to get full insights.

* Get more help at https://help.gradle.org

BUILD FAILED in 899ms
