
FAILURE: Build failed with an exception.

* Where:
Build file '/mnt/batch/tasks/workitems/NONDEX_nondex_r131_1M31d16h48m2s/job-1/Task270/wd/NonDex-plugin-test/github.com/MigoMiggs/graddle_spark/build.gradle' line: 91

* What went wrong:
A problem occurred evaluating root project 'graddle-spark'.
> Failed to apply plugin [id 'edu.illinois.nondex']
   > Could not create task ':nondexTest'.
      > Could not find method plus() for arguments [configuration ':provided'] on source set 'compile classpath' of type org.gradle.api.tasks.SourceSet.

* Try:
Run with --stacktrace option to get the stack trace. Run with --info or --debug option to get more log output. Run with --scan to get full insights.

* Get more help at https://help.gradle.org

BUILD FAILED in 0s
