
FAILURE: Build failed with an exception.

* What went wrong:
Execution failed for task ':resolveTestPlugins'.
> Could not resolve all files for configuration ':testPlugins'.
   > Could not find ua_parser:ua-parser:1.3.0.
     Searched in the following locations:
       - https://repo.maven.apache.org/maven2/ua_parser/ua-parser/1.3.0/ua-parser-1.3.0.pom
       - https://repo.maven.apache.org/maven2/ua_parser/ua-parser/1.3.0/ua-parser-1.3.0.jar
       - https://repo.jenkins-ci.org/public/ua_parser/ua-parser/1.3.0/ua-parser-1.3.0.pom
       - https://repo.jenkins-ci.org/public/ua_parser/ua-parser/1.3.0/ua-parser-1.3.0.jar
     Required by:
         project : > io.jenkins.blueocean:blueocean-rest-impl:1.2.4

* Try:
Run with --stacktrace option to get the stack trace. Run with --info or --debug option to get more log output. Run with --scan to get full insights.

* Get more help at https://help.gradle.org

BUILD FAILED in 37s
