e: /mnt/batch/tasks/workitems/NONDEX_nondex_r131_1M31d16h48m2s/job-1/Task679/wd/NonDex-plugin-test/github.com/dranikpg/spring-launcher/src/test/kotlin/com/dranikpg/ApplicationTest.kt: (20, 21): Unresolved reference: plugins

FAILURE: Build failed with an exception.

* What went wrong:
Execution failed for task ':compileTestKotlin'.
> Compilation error. See log for more details

* Try:
Run with --stacktrace option to get the stack trace. Run with --info or --debug option to get more log output. Run with --scan to get full insights.

* Get more help at https://help.gradle.org

BUILD FAILED in 24s
