
FAILURE: Build failed with an exception.

* Where:
Build file '/mnt/batch/tasks/workitems/NONDEX_nondex_r131_1M31d16h48m2s/job-1/Task1323/wd/NonDex-plugin-test/github.com/jk1/TeamCity-dependencies-gradle-plugin/tcdeps-kt/build.gradle' line: 2

* What went wrong:
An exception occurred applying plugin request [id: 'org.jetbrains.kotlin.jvm', version: '1.4.31']
> Failed to apply plugin 'org.jetbrains.kotlin.jvm'.
   > Could not create plugin of type 'KotlinPluginWrapper'.
      > null cannot be cast to non-null type kotlin.String

* Try:
Run with --stacktrace option to get the stack trace. Run with --info or --debug option to get more log output. Run with --scan to get full insights.

* Get more help at https://help.gradle.org

BUILD FAILED in 1s
