startup failed:
/mnt/batch/tasks/workitems/NONDEX_nondex_r131_1M31d16h48m2s/job-1/Task544/wd/NonDex-plugin-test/github.com/dsvdsv/gradle-jetty-plugin/src/main/groovy/com/dsvdsv/gradle/plugin/eclipse/jetty/AbstractJettyTask.groovy: 8: unable to resolve class org.gradle.logging.ProgressLogger
 @ line 8, column 1.
   import org.gradle.logging.ProgressLogger
   ^

/mnt/batch/tasks/workitems/NONDEX_nondex_r131_1M31d16h48m2s/job-1/Task544/wd/NonDex-plugin-test/github.com/dsvdsv/gradle-jetty-plugin/src/main/groovy/com/dsvdsv/gradle/plugin/eclipse/jetty/FarmJettyRunTask.groovy: 6: unable to resolve class org.gradle.logging.ProgressLogger
 @ line 6, column 1.
   import org.gradle.logging.ProgressLogger
   ^

/mnt/batch/tasks/workitems/NONDEX_nondex_r131_1M31d16h48m2s/job-1/Task544/wd/NonDex-plugin-test/github.com/dsvdsv/gradle-jetty-plugin/src/main/groovy/com/dsvdsv/gradle/plugin/eclipse/jetty/JettyStopTask.groovy: 7: unable to resolve class org.gradle.logging.ProgressLogger
 @ line 7, column 1.
   import org.gradle.logging.ProgressLogger
   ^

3 errors


FAILURE: Build failed with an exception.

* What went wrong:
Execution failed for task ':compileGroovy'.
> Compilation failed; see the compiler error output for details.

* Try:
Run with --stacktrace option to get the stack trace. Run with --info or --debug option to get more log output. Run with --scan to get full insights.

* Get more help at https://help.gradle.org

BUILD FAILED in 19s
