
FAILURE: Build failed with an exception.

* What went wrong:
Execution failed for task ':lion-common:compileJava'.
> Could not resolve all files for configuration ':lion-common:compileClasspath'.
   > Could not download jsr305-1.3.9.jar (com.google.code.findbugs:jsr305:1.3.9)
      > Could not get resource 'https://maven.aliyun.com/nexus/content/groups/public/com/google/code/findbugs/jsr305/1.3.9/jsr305-1.3.9.jar'.
         > Could not GET 'https://archiva-maven-storage-prod.oss-cn-beijing.aliyuncs.com/repository/central/com/google/code/findbugs/jsr305/1.3.9/jsr305-1.3.9.jar?Expires=1675214653&OSSAccessKeyId=LTAIfU51SusnnfCC&Signature=CCNTh9UuFH%2FOsV%2FgNMEZEotpvxo%3D'.
            > Connect to archiva-maven-storage-prod.oss-cn-beijing.aliyuncs.com:443 [archiva-maven-storage-prod.oss-cn-beijing.aliyuncs.com/59.110.185.96] failed: Read timed out

* Try:
Run with --stacktrace option to get the stack trace. Run with --info or --debug option to get more log output. Run with --scan to get full insights.

* Get more help at https://help.gradle.org

BUILD FAILED in 1m 38s
